2020-06-12 00:20:31,772 INFO root MainThread:All useful files loaded
2020-06-12 00:20:31,831 INFO werkzeug MainThread: * Running on http://127.0.0.1:5000/ (Press CTRL+C to quit)
2020-06-12 00:20:31,832 INFO werkzeug MainThread: * Restarting with stat
2020-06-12 00:20:46,565 INFO root MainThread:All useful files loaded
2020-06-12 00:20:46,569 WARNING werkzeug MainThread: * Debugger is active!
2020-06-12 00:20:46,942 INFO werkzeug MainThread: * Debugger PIN: 211-119-098
2020-06-12 00:23:43,715 INFO werkzeug Thread-3:127.0.0.1 - - [12/Jun/2020 00:23:43] "[37mGET / HTTP/1.1[0m" 200 -
2020-06-12 00:23:43,918 INFO werkzeug Thread-4:127.0.0.1 - - [12/Jun/2020 00:23:43] "[33mGET /favicon.ico HTTP/1.1[0m" 404 -
2020-06-12 00:24:09,719 INFO werkzeug Thread-5:127.0.0.1 - - [12/Jun/2020 00:24:09] "[37mPOST /transform HTTP/1.1[0m" 200 -
2020-06-12 00:24:24,515 ERROR fghjkl1 Thread-6:<class 'ValueError'>
Traceback (most recent call last):
  File "/home/bluebrain/PycharmProjects/untitled/venv/lib/python3.7/site-packages/healthcheck/__init__.py", line 111, in run_check
    passed, output = checker()
ValueError: too many values to unpack (expected 2)
2020-06-12 00:24:24,516 ERROR fghjkl1 Thread-6:Health check "howami" failed with output "<class 'ValueError'>"
2020-06-12 00:24:24,516 INFO werkzeug Thread-6:127.0.0.1 - - [12/Jun/2020 00:24:24] "[35m[1mGET /hcheck HTTP/1.1[0m" 500 -
2020-06-12 00:28:29,075 INFO werkzeug MainThread: * Detected change in '/home/bluebrain/PycharmProjects/ticket_analysis/fghjkl1.py', reloading
2020-06-12 00:28:30,811 INFO werkzeug MainThread: * Restarting with stat
2020-06-12 00:28:42,046 INFO root MainThread:All useful files loaded
2020-06-12 00:28:42,054 WARNING werkzeug MainThread: * Debugger is active!
2020-06-12 00:28:42,082 INFO werkzeug MainThread: * Debugger PIN: 211-119-098
2020-06-12 00:29:17,679 INFO werkzeug MainThread: * Detected change in '/home/bluebrain/PycharmProjects/ticket_analysis/fghjkl1.py', reloading
2020-06-12 00:29:18,008 INFO werkzeug MainThread: * Restarting with stat
2020-06-12 00:29:28,623 INFO root MainThread:All useful files loaded
2020-06-12 00:29:28,627 WARNING werkzeug MainThread: * Debugger is active!
2020-06-12 00:29:28,646 INFO werkzeug MainThread: * Debugger PIN: 211-119-098
2020-06-12 00:31:36,441 INFO root MainThread:All useful files loaded
2020-06-12 00:31:36,446 INFO werkzeug MainThread: * Running on http://127.0.0.1:5000/ (Press CTRL+C to quit)
2020-06-12 00:31:36,446 INFO werkzeug MainThread: * Restarting with stat
2020-06-12 00:31:47,165 INFO root MainThread:All useful files loaded
2020-06-12 00:31:47,169 WARNING werkzeug MainThread: * Debugger is active!
2020-06-12 00:31:47,188 INFO werkzeug MainThread: * Debugger PIN: 211-119-098
2020-06-12 00:31:58,277 ERROR fghjkl1 Thread-2:<class 'ValueError'>
Traceback (most recent call last):
  File "/home/bluebrain/PycharmProjects/untitled/venv/lib/python3.7/site-packages/healthcheck/__init__.py", line 111, in run_check
    passed, output = checker()
ValueError: too many values to unpack (expected 2)
2020-06-12 00:31:58,277 ERROR fghjkl1 Thread-2:Health check "app_ab" failed with output "<class 'ValueError'>"
2020-06-12 00:31:58,278 INFO werkzeug Thread-2:127.0.0.1 - - [12/Jun/2020 00:31:58] "[35m[1mGET /hcheck HTTP/1.1[0m" 500 -
2020-06-12 00:32:00,473 INFO werkzeug Thread-3:127.0.0.1 - - [12/Jun/2020 00:32:00] "[35m[1mGET /hcheck HTTP/1.1[0m" 500 -
2020-06-12 00:45:43,984 INFO root MainThread:All useful files loaded
2020-06-12 00:47:43,789 INFO fghjkl1 waitress-2:Logged in
2020-06-12 00:51:06,068 INFO root MainThread:All useful files loaded
2020-06-12 00:52:34,764 ERROR fghjkl1 waitress-3:<class 'ValueError'>
Traceback (most recent call last):
  File "/home/bluebrain/PycharmProjects/untitled/venv/lib/python3.7/site-packages/healthcheck/__init__.py", line 111, in run_check
    passed, output = checker()
ValueError: too many values to unpack (expected 2)
2020-06-12 00:52:34,764 ERROR fghjkl1 waitress-3:Health check "app_ab" failed with output "<class 'ValueError'>"
2020-06-12 01:14:05,261 INFO root MainThread:All useful files loaded
2020-06-12 01:20:13,288 INFO root MainThread:All useful files loaded
2020-06-12 01:37:39,847 INFO root MainThread:All useful files loaded
2020-06-12 01:38:34,101 INFO root MainThread:All useful files loaded
2020-06-12 01:38:44,131 ERROR fghjkl1 waitress-1:Exception on /transform [POST]
Traceback (most recent call last):
  File "/home/bluebrain/PycharmProjects/untitled/venv/lib/python3.7/site-packages/flask/app.py", line 2447, in wsgi_app
    response = self.full_dispatch_request()
  File "/home/bluebrain/PycharmProjects/untitled/venv/lib/python3.7/site-packages/flask/app.py", line 1952, in full_dispatch_request
    rv = self.handle_user_exception(e)
  File "/home/bluebrain/PycharmProjects/untitled/venv/lib/python3.7/site-packages/flask/app.py", line 1821, in handle_user_exception
    reraise(exc_type, exc_value, tb)
  File "/home/bluebrain/PycharmProjects/untitled/venv/lib/python3.7/site-packages/flask/_compat.py", line 39, in reraise
    raise value
  File "/home/bluebrain/PycharmProjects/untitled/venv/lib/python3.7/site-packages/flask/app.py", line 1950, in full_dispatch_request
    rv = self.dispatch_request()
  File "/home/bluebrain/PycharmProjects/untitled/venv/lib/python3.7/site-packages/flask/app.py", line 1936, in dispatch_request
    return self.view_functions[rule.endpoint](**req.view_args)
  File "/home/bluebrain/PycharmProjects/ticket_analysis/fghjkl1.py", line 106, in transform_view
    df = df.dropna()
UnboundLocalError: local variable 'df' referenced before assignment
2020-06-12 01:39:22,409 INFO root MainThread:All useful files loaded
2020-06-12 01:39:48,788 INFO fghjkl1 waitress-1:Logged in
2020-06-12 05:02:55,403 INFO root MainThread:All useful files loaded
2020-06-12 05:03:31,782 INFO fghjkl1 waitress-2:Logged in
2020-06-12 05:50:40,359 INFO root MainThread:All useful files loaded
2020-06-12 05:51:17,848 INFO fghjkl1 waitress-2:Logged in
